                      :-) GROMACS - gmx mdrun, 2023.4 (-:

Copyright 1991-2023 The GROMACS Authors.
GROMACS is free software; you can redistribute it and/or modify it
under the terms of the GNU Lesser General Public License
as published by the Free Software Foundation; either version 2.1
of the License, or (at your option) any later version.

                         Current GROMACS contributors:
       Mark Abraham           Andrey Alekseenko           Cathrine Bergh      
      Christian Blau            Eliane Briand             Mahesh Doijade      
    Stefan Fleischmann           Vytas Gapsys              Gaurav Garg        
      Sergey Gorelov         Gilles Gouaillardet            Alan Gray         
     M. Eric Irrgang         Farzaneh Jalalypour            Joe Jordan        
    Christoph Junghans        Prashanth Kanduri          Sebastian Keller     
     Carsten Kutzner           Justin A. Lemkul          Magnus Lundborg      
       Pascal Merz              Vedran Miletic            Dmitry Morozov      
       Szilard Pall             Roland Schulz             Michael Shirts      
     Alexey Shvetsov            Balint Soproni         David van der Spoel    
      Philip Turner             Carsten Uphoff           Alessandra Villa     
 Sebastian Wingbermuehle        Artem Zhmurov       

                         Previous GROMACS contributors:
        Emile Apol             Rossen Apostolov           James Barnett       
  Herman J.C. Berendsen          Par Bjelkmar           Viacheslav Bolnykh    
        Kevin Boyd            Aldert van Buuren          Carlo Camilloni      
     Rudi van Drunen            Anton Feenstra           Oliver Fleetwood     
     Gerrit Groenhof            Bert de Groot             Anca Hamuraru       
    Vincent Hindriksen          Victor Holanda           Aleksei Iupinov      
   Dimitrios Karkoulis           Peter Kasson             Sebastian Kehl      
        Jiri Kraus               Per Larsson              Viveca Lindahl      
      Erik Marklund           Pieter Meulenhoff           Teemu Murtola       
       Sander Pronk             Alfons Sijbers            Peter Tieleman      
       Jon Vincent             Teemu Virolainen         Christian Wennberg    
       Maarten Wolf       

                  Coordinated by the GROMACS project leaders:
                    Paul Bauer, Berk Hess, and Erik Lindahl

GROMACS:      gmx mdrun, version 2023.4
Executable:   /usr/local/gromacs/bin/gmx
Data prefix:  /usr/local/gromacs
Working dir:  /Users/dmorse/Desktop/TESTAGAINSTGROMACSTUTORIAL/Gromacs_Head/M9_R1_insulin_TS4_insulin_Complex
Process ID:   13093
Command line:
  gmx mdrun -deffnm em

GROMACS version:    2023.4
Precision:          mixed
Memory model:       64 bit
MPI library:        thread_mpi
OpenMP support:     disabled
GPU support:        disabled
SIMD instructions:  ARM_NEON_ASIMD
CPU FFT library:    fftw-3.3.8
GPU FFT library:    none
Multi-GPU FFT:      none
TNG support:        enabled
Hwloc support:      disabled
Tracing support:    disabled
C compiler:         /Library/Developer/CommandLineTools/usr/bin/cc AppleClang 15.0.0.15000100
C compiler flags:   -Wno-unknown-pragmas -Wno-missing-field-initializers -fno-stack-check -fno-stack-check -O3 -DNDEBUG
C++ compiler:       /Library/Developer/CommandLineTools/usr/bin/c++ AppleClang 15.0.0.15000100
C++ compiler flags: -Wno-unknown-pragmas -Wno-reserved-identifier -Wno-missing-field-initializers -fno-stack-check -fno-stack-check -Weverything -Wno-c++98-compat -Wno-c++98-compat-pedantic -Wno-source-uses-openmp -Wno-c++17-extensions -Wno-documentation-unknown-command -Wno-covered-switch-default -Wno-switch-enum -Wno-extra-semi-stmt -Wno-weak-vtables -Wno-shadow -Wno-padded -Wno-reserved-id-macro -Wno-double-promotion -Wno-exit-time-destructors -Wno-global-constructors -Wno-documentation -Wno-format-nonliteral -Wno-used-but-marked-unused -Wno-float-equal -Wno-conditional-uninitialized -Wno-conversion -Wno-disabled-macro-expansion -Wno-unused-macros -Wno-unsafe-buffer-usage -O3 -DNDEBUG
BLAS library:       External - detected on the system
LAPACK library:     External - detected on the system


Running on 1 node with total 0 processing units
Hardware detected on host omaged-mbp:
  CPU info:
    Vendor: ARM
    Brand:  Unknown CPU brand
    Family: 0   Model: 0   Stepping: 0
    Features: neon neon_asimd
  Hardware topology: Only logical processor count
    CPU limit set by OS: -1   Recommended max number of threads: 10


++++ PLEASE READ AND CITE THE FOLLOWING REFERENCE ++++
M. J. Abraham, T. Murtola, R. Schulz, S. Páll, J. C. Smith, B. Hess, E.
Lindahl
GROMACS: High performance molecular simulations through multi-level
parallelism from laptops to supercomputers
SoftwareX 1 (2015) pp. 19-25
-------- -------- --- Thank You --- -------- --------


++++ PLEASE READ AND CITE THE FOLLOWING REFERENCE ++++
S. Páll, M. J. Abraham, C. Kutzner, B. Hess, E. Lindahl
Tackling Exascale Software Challenges in Molecular Dynamics Simulations with
GROMACS
In S. Markidis & E. Laure (Eds.), Solving Software Challenges for Exascale 8759 (2015) pp. 3-27
-------- -------- --- Thank You --- -------- --------


++++ PLEASE READ AND CITE THE FOLLOWING REFERENCE ++++
S. Pronk, S. Páll, R. Schulz, P. Larsson, P. Bjelkmar, R. Apostolov, M. R.
Shirts, J. C. Smith, P. M. Kasson, D. van der Spoel, B. Hess, and E. Lindahl
GROMACS 4.5: a high-throughput and highly parallel open source molecular
simulation toolkit
Bioinformatics 29 (2013) pp. 845-54
-------- -------- --- Thank You --- -------- --------


++++ PLEASE READ AND CITE THE FOLLOWING REFERENCE ++++
B. Hess and C. Kutzner and D. van der Spoel and E. Lindahl
GROMACS 4: Algorithms for highly efficient, load-balanced, and scalable
molecular simulation
J. Chem. Theory Comput. 4 (2008) pp. 435-447
-------- -------- --- Thank You --- -------- --------


++++ PLEASE READ AND CITE THE FOLLOWING REFERENCE ++++
D. van der Spoel, E. Lindahl, B. Hess, G. Groenhof, A. E. Mark and H. J. C.
Berendsen
GROMACS: Fast, Flexible and Free
J. Comp. Chem. 26 (2005) pp. 1701-1719
-------- -------- --- Thank You --- -------- --------


++++ PLEASE READ AND CITE THE FOLLOWING REFERENCE ++++
E. Lindahl and B. Hess and D. van der Spoel
GROMACS 3.0: A package for molecular simulation and trajectory analysis
J. Mol. Mod. 7 (2001) pp. 306-317
-------- -------- --- Thank You --- -------- --------


++++ PLEASE READ AND CITE THE FOLLOWING REFERENCE ++++
H. J. C. Berendsen, D. van der Spoel and R. van Drunen
GROMACS: A message-passing parallel molecular dynamics implementation
Comp. Phys. Comm. 91 (1995) pp. 43-56
-------- -------- --- Thank You --- -------- --------


++++ PLEASE CITE THE DOI FOR THIS VERSION OF GROMACS ++++
https://doi.org/10.5281/zenodo.10559950
-------- -------- --- Thank You --- -------- --------

Input Parameters:
   integrator                     = steep
   tinit                          = 0
   dt                             = 0.001
   nsteps                         = 500000
   init-step                      = 0
   simulation-part                = 1
   mts                            = false
   comm-mode                      = Linear
   nstcomm                        = 100
   bd-fric                        = 0
   ld-seed                        = -67111233
   emtol                          = 10
   emstep                         = 0.001
   niter                          = 20
   fcstep                         = 0
   nstcgsteep                     = 1000
   nbfgscorr                      = 10
   rtpi                           = 0.05
   nstxout                        = 0
   nstvout                        = 0
   nstfout                        = 0
   nstlog                         = 1000
   nstcalcenergy                  = 100
   nstenergy                      = 1000
   nstxout-compressed             = 0
   compressed-x-precision         = 1000
   cutoff-scheme                  = Verlet
   nstlist                        = 1
   pbc                            = xyz
   periodic-molecules             = false
   verlet-buffer-tolerance        = 0.005
   rlist                          = 1.2
   coulombtype                    = PME
   coulomb-modifier               = Potential-shift
   rcoulomb-switch                = 0
   rcoulomb                       = 1.2
   epsilon-r                      = 1
   epsilon-rf                     = inf
   vdw-type                       = Cut-off
   vdw-modifier                   = Force-switch
   rvdw-switch                    = 1
   rvdw                           = 1.2
   DispCorr                       = No
   table-extension                = 1
   fourierspacing                 = 0.12
   fourier-nx                     = 192
   fourier-ny                     = 192
   fourier-nz                     = 192
   pme-order                      = 4
   ewald-rtol                     = 1e-05
   ewald-rtol-lj                  = 0.001
   lj-pme-comb-rule               = Geometric
   ewald-geometry                 = 3d
   epsilon-surface                = 0
   ensemble-temperature-setting   = not available
   ensemble-temperature           = -1
   tcoupl                         = No
   nsttcouple                     = -1
   nh-chain-length                = 0
   print-nose-hoover-chain-variables = false
   pcoupl                         = No
   pcoupltype                     = Isotropic
   nstpcouple                     = -1
   tau-p                          = 1
   compressibility (3x3):
      compressibility[    0]={ 0.00000e+00,  0.00000e+00,  0.00000e+00}
      compressibility[    1]={ 0.00000e+00,  0.00000e+00,  0.00000e+00}
      compressibility[    2]={ 0.00000e+00,  0.00000e+00,  0.00000e+00}
   ref-p (3x3):
      ref-p[    0]={ 0.00000e+00,  0.00000e+00,  0.00000e+00}
      ref-p[    1]={ 0.00000e+00,  0.00000e+00,  0.00000e+00}
      ref-p[    2]={ 0.00000e+00,  0.00000e+00,  0.00000e+00}
   refcoord-scaling               = No
   posres-com (3):
      posres-com[0]= 0.00000e+00
      posres-com[1]= 0.00000e+00
      posres-com[2]= 0.00000e+00
   posres-comB (3):
      posres-comB[0]= 0.00000e+00
      posres-comB[1]= 0.00000e+00
      posres-comB[2]= 0.00000e+00
   QMMM                           = false
qm-opts:
   ngQM                           = 0
   constraint-algorithm           = Lincs
   continuation                   = false
   Shake-SOR                      = false
   shake-tol                      = 0.0001
   lincs-order                    = 4
   lincs-iter                     = 1
   lincs-warnangle                = 30
   nwall                          = 0
   wall-type                      = 9-3
   wall-r-linpot                  = -1
   wall-atomtype[0]               = -1
   wall-atomtype[1]               = -1
   wall-density[0]                = 0
   wall-density[1]                = 0
   wall-ewald-zfac                = 3
   pull                           = false
   awh                            = false
   rotation                       = false
   interactiveMD                  = false
   disre                          = No
   disre-weighting                = Conservative
   disre-mixed                    = false
   dr-fc                          = 1000
   dr-tau                         = 0
   nstdisreout                    = 100
   orire-fc                       = 0
   orire-tau                      = 0
   nstorireout                    = 100
   free-energy                    = yes
   init-lambda                    = 0
   init-lambda-state              = -1
   delta-lambda                   = 0
   nstdhdl                        = 50
   n-lambdas                      = 0
   calc-lambda-neighbors          = 1
   dhdl-print-energy              = no
   sc-alpha                       = 0.5
   sc-power                       = 1
   sc-r-power                     = 6
   sc-sigma                       = 0.3
   sc-sigma-min                   = 0.3
   sc-coul                        = true
   dh-hist-size                   = 0
   dh-hist-spacing                = 0.1
   separate-dhdl-file             = yes
   dhdl-derivatives               = yes
   sc-function                    = beutler
   sc-gapsys-scale-linpoint-lj    = 0.85
   sc-gapsys-scale-linpoint-q     = 0.3
   sc-gapsys-sigma-lj             = 0.3
   cos-acceleration               = 0
   deform (3x3):
      deform[    0]={ 0.00000e+00,  0.00000e+00,  0.00000e+00}
      deform[    1]={ 0.00000e+00,  0.00000e+00,  0.00000e+00}
      deform[    2]={ 0.00000e+00,  0.00000e+00,  0.00000e+00}
   simulated-tempering            = false
   swapcoords                     = no
   userint1                       = 0
   userint2                       = 0
   userint3                       = 0
   userint4                       = 0
   userreal1                      = 0
   userreal2                      = 0
   userreal3                      = 0
   userreal4                      = 0
   applied-forces:
     electric-field:
       x:
         E0                       = 0
         omega                    = 0
         t0                       = 0
         sigma                    = 0
       y:
         E0                       = 0
         omega                    = 0
         t0                       = 0
         sigma                    = 0
       z:
         E0                       = 0
         omega                    = 0
         t0                       = 0
         sigma                    = 0
     density-guided-simulation:
       active                     = false
       group                      = protein
       similarity-measure         = inner-product
       atom-spreading-weight      = unity
       force-constant             = 1e+09
       gaussian-transform-spreading-width = 0.2
       gaussian-transform-spreading-range-in-multiples-of-width = 4
       reference-density-filename = reference.mrc
       nst                        = 1
       normalize-densities        = true
       adaptive-force-scaling     = false
       adaptive-force-scaling-time-constant = 4
       shift-vector               = 
       transformation-matrix      = 
     qmmm-cp2k:
       active                     = false
       qmgroup                    = System
       qmmethod                   = PBE
       qmfilenames                = 
       qmcharge                   = 0
       qmmultiplicity             = 1
grpopts:
   nrdf:      106320
   ref-t:           0
   tau-t:           0
annealing:          No
annealing-npoints:           0
   acc:	           0           0           0
   nfreeze:           N           N           N
   energygrp-flags[  0]: 0

When checking whether update groups are usable:
  No constraints or virtual sites are in use, so it is best not to use update groups

Initializing Domain Decomposition on 10 ranks
NOTE: disabling dynamic load balancing as it is only supported with dynamics, not with integrator 'steep'.
Dynamic load balancing: off
Minimum cell size due to atom displacement: 0.000 nm
Initial maximum distances in bonded interactions:
    two-body bonded interactions: 0.465 nm, LJ-14, atoms 607 612
  multi-body bonded interactions: 0.465 nm, Proper Dih., atoms 607 612
Minimum cell size due to bonded interactions: 0.511 nm
Using 0 separate PME ranks because: there are too few total ranks for efficient splitting
Optimizing the DD grid for 10 cells with a minimum initial size of 0.511 nm
The maximum allowed number of cells is: X 40 Y 40 Z 40
Domain decomposition grid 10 x 1 x 1, separate PME ranks 0
PME domain decomposition: 10 x 1 x 1
Domain decomposition rank 0, coordinates 0 0 0

The initial number of communication pulses is: X 1
The initial domain decomposition cell size is: X 2.07 nm

The maximum allowed distance for atoms involved in interactions is:
                 non-bonded interactions           1.200 nm
            two-body bonded interactions  (-rdd)   1.200 nm
          multi-body bonded interactions  (-rdd)   1.200 nm

Using 10 MPI threads
System total charge, top. A: -0.001 top. B: -0.001
Will do PME sum in reciprocal space for electrostatic interactions.

++++ PLEASE READ AND CITE THE FOLLOWING REFERENCE ++++
U. Essmann, L. Perera, M. L. Berkowitz, T. Darden, H. Lee and L. G. Pedersen 
A smooth particle mesh Ewald method
J. Chem. Phys. 103 (1995) pp. 8577-8592
-------- -------- --- Thank You --- -------- --------

Using a Gaussian width (1/beta) of 0.384195 nm for Ewald
Potential shift: LJ r^-12: -2.648e-01 r^-6: -5.349e-01, Ewald -8.333e-06
Initialized non-bonded Coulomb Ewald tables, spacing: 1.02e-03 size: 2154

Generated table with 1100 data points for 1-4 COUL.
Tabscale = 500 points/nm
Generated table with 1100 data points for 1-4 LJ6.
Tabscale = 500 points/nm
Generated table with 1100 data points for 1-4 LJ12.
Tabscale = 500 points/nm


Using SIMD 4x4 nonbonded short-range kernels

Using a 4x4 pair-list setup:
  updated every 1 steps, buffer 0.000 nm, rlist 1.200 nm
There are 0 atoms and 0 charges for free energy perturbation
Removing pbc first time

Linking all bonded interactions to atoms


Note that activating steepest-descent energy minimization via the integrator .mdp option and the command gmx mdrun may be available in a different form in a future version of GROMACS, e.g. gmx minimize and an .mdp option.
Initiating Steepest Descents
Initial vector of lambda components:[     0.0000     0.0000     0.0000     0.0000     0.0000     0.0000     0.0000 ]

Atom distribution over 10 domains: av 3544 stddev 711 min 2937 max 5056
Started Steepest Descents on rank 0 Sun Jun 30 19:15:36 2024


Steepest Descents:
   Tolerance (Fmax)   =  1.00000e+01
   Number of steps    =       500000
           Step           Time
              0        0.00000

   Energies (kJ/mol)
           Bond          Angle    Proper Dih. Per. Imp. Dih.          LJ-14
    1.04623e+05    2.94811e+04    1.94865e+04    2.31544e+02    6.00011e+03
     Coulomb-14        LJ (SR)   Coulomb (SR)   Coul. recip.      Potential
    5.27424e+04    3.20321e+09   -1.40628e+05    3.61378e+04    3.20331e+09
 Pressure (bar)    dVremain/dl
    2.38737e+07    0.00000e+00


DD  step 0 load imb.: force 100.3%
           Step           Time
              1        1.00000

   Energies (kJ/mol)
           Bond          Angle    Proper Dih. Per. Imp. Dih.          LJ-14
    1.04622e+05    2.94818e+04    1.94865e+04    2.31509e+02    6.00026e+03
     Coulomb-14        LJ (SR)   Coulomb (SR)   Coul. recip.      Potential
    5.27424e+04    2.27949e+09   -1.40627e+05    3.61379e+04    2.27960e+09
 Pressure (bar)    dVremain/dl
    1.69886e+07    0.00000e+00

           Step           Time
              2        2.00000

   Energies (kJ/mol)
           Bond          Angle    Proper Dih. Per. Imp. Dih.          LJ-14
    1.04623e+05    2.94832e+04    1.94867e+04    2.31498e+02    6.00045e+03
     Coulomb-14        LJ (SR)   Coulomb (SR)   Coul. recip.      Potential
    5.27425e+04    1.52296e+09   -1.40624e+05    3.61378e+04    1.52306e+09
 Pressure (bar)    dVremain/dl
    1.13497e+07    0.00000e+00

           Step           Time
              3        3.00000

   Energies (kJ/mol)
           Bond          Angle    Proper Dih. Per. Imp. Dih.          LJ-14
    1.04625e+05    2.94853e+04    1.94871e+04    2.31532e+02    6.00069e+03
     Coulomb-14        LJ (SR)   Coulomb (SR)   Coul. recip.      Potential
    5.27426e+04    9.50261e+08   -1.40621e+05    3.61377e+04    9.50369e+08
 Pressure (bar)    dVremain/dl
    7.08057e+06    0.00000e+00

           Step           Time
              4        4.00000

   Energies (kJ/mol)
           Bond          Angle    Proper Dih. Per. Imp. Dih.          LJ-14
    1.04630e+05    2.94887e+04    1.94879e+04    2.31647e+02    6.00103e+03
     Coulomb-14        LJ (SR)   Coulomb (SR)   Coul. recip.      Potential
    5.27428e+04    5.58048e+08   -1.40618e+05    3.61376e+04    5.58156e+08
 Pressure (bar)    dVremain/dl
    4.15721e+06    0.00000e+00

           Step           Time
              5        5.00000

   Energies (kJ/mol)
           Bond          Angle    Proper Dih. Per. Imp. Dih.          LJ-14
    1.04638e+05    2.94937e+04    1.94891e+04    2.31888e+02    6.00157e+03
     Coulomb-14        LJ (SR)   Coulomb (SR)   Coul. recip.      Potential
    5.27431e+04    3.17151e+08   -1.40614e+05    3.61374e+04    3.17259e+08
 Pressure (bar)    dVremain/dl
    2.36155e+06    0.00000e+00

           Step           Time
              6        6.00000

   Energies (kJ/mol)
           Bond          Angle    Proper Dih. Per. Imp. Dih.          LJ-14
    1.04653e+05    2.95006e+04    1.94908e+04    2.32303e+02    6.00247e+03
     Coulomb-14        LJ (SR)   Coulomb (SR)   Coul. recip.      Potential
    5.27435e+04    1.83107e+08   -1.40609e+05    3.61373e+04    1.83216e+08
 Pressure (bar)    dVremain/dl
    1.36238e+06    0.00000e+00

           Step           Time
              7        7.00000

   Energies (kJ/mol)
           Bond          Angle    Proper Dih. Per. Imp. Dih.          LJ-14
    1.04677e+05    2.95095e+04    1.94930e+04    2.32905e+02    6.00400e+03
     Coulomb-14        LJ (SR)   Coulomb (SR)   Coul. recip.      Potential
    5.27440e+04    1.11593e+08   -1.40604e+05    3.61371e+04    1.11701e+08
 Pressure (bar)    dVremain/dl
    8.29304e+05    0.00000e+00

           Step           Time
              8        8.00000

   Energies (kJ/mol)
           Bond          Angle    Proper Dih. Per. Imp. Dih.          LJ-14
    1.04716e+05    2.95217e+04    1.94948e+04    2.33596e+02    6.00629e+03
     Coulomb-14        LJ (SR)   Coulomb (SR)   Coul. recip.      Potential
    5.27447e+04    6.65209e+07   -1.40599e+05    3.61370e+04    6.66292e+07
 Pressure (bar)    dVremain/dl
    4.93323e+05    0.00000e+00

           Step           Time
              9        9.00000

   Energies (kJ/mol)
           Bond          Angle    Proper Dih. Per. Imp. Dih.          LJ-14
    1.04773e+05    2.95400e+04    1.94964e+04    2.34336e+02    6.00885e+03
     Coulomb-14        LJ (SR)   Coulomb (SR)   Coul. recip.      Potential
    5.27454e+04    4.03802e+07   -1.40595e+05    3.61369e+04    4.04885e+07
 Pressure (bar)    dVremain/dl
    2.98458e+05    0.00000e+00

           Step           Time
             10       10.00000

   Energies (kJ/mol)
           Bond          Angle    Proper Dih. Per. Imp. Dih.          LJ-14
    1.04861e+05    2.95699e+04    1.94993e+04    2.35514e+02    6.01262e+03
     Coulomb-14        LJ (SR)   Coulomb (SR)   Coul. recip.      Potential
    5.27461e+04    2.33534e+07   -1.40590e+05    3.61366e+04    2.34619e+07
 Pressure (bar)    dVremain/dl
    1.71529e+05    0.00000e+00

           Step           Time
             11       11.00000

   Energies (kJ/mol)
           Bond          Angle    Proper Dih. Per. Imp. Dih.          LJ-14
    1.04983e+05    2.96109e+04    1.95031e+04    2.37033e+02    6.01737e+03
     Coulomb-14        LJ (SR)   Coulomb (SR)   Coul. recip.      Potential
    5.27469e+04    1.29482e+07   -1.40584e+05    3.61364e+04    1.30568e+07
 Pressure (bar)    dVremain/dl
    9.39537e+04    0.00000e+00

           Step           Time
             12       12.00000

   Energies (kJ/mol)
           Bond          Angle    Proper Dih. Per. Imp. Dih.          LJ-14
    1.05181e+05    2.96727e+04    1.95099e+04    2.39472e+02    6.02500e+03
     Coulomb-14        LJ (SR)   Coulomb (SR)   Coul. recip.      Potential
    5.27478e+04    6.30871e+06   -1.40577e+05    3.61362e+04    6.41765e+06
 Pressure (bar)    dVremain/dl
    4.44516e+04    0.00000e+00

           Step           Time
             13       13.00000

   Energies (kJ/mol)
           Bond          Angle    Proper Dih. Per. Imp. Dih.          LJ-14
    1.05485e+05    2.97532e+04    1.95189e+04    2.42525e+02    6.03505e+03
     Coulomb-14        LJ (SR)   Coulomb (SR)   Coul. recip.      Potential
    5.27489e+04    2.84152e+06   -1.40569e+05    3.61358e+04    2.95088e+06
 Pressure (bar)    dVremain/dl
    1.85970e+04    0.00000e+00

           Step           Time
             14       14.00000

   Energies (kJ/mol)
           Bond          Angle    Proper Dih. Per. Imp. Dih.          LJ-14
    1.06020e+05    2.98710e+04    1.95349e+04    2.47344e+02    6.04976e+03
     Coulomb-14        LJ (SR)   Coulomb (SR)   Coul. recip.      Potential
    5.27502e+04    1.08437e+06   -1.40560e+05    3.61352e+04    1.19442e+06
 Pressure (bar)    dVremain/dl
    5.49056e+03    0.00000e+00

           Step           Time
             15       15.00000

   Energies (kJ/mol)
           Bond          Angle    Proper Dih. Per. Imp. Dih.          LJ-14
    1.06787e+05    3.00222e+04    1.95560e+04    2.52372e+02    6.05915e+03
     Coulomb-14        LJ (SR)   Coulomb (SR)   Coul. recip.      Potential
    5.27518e+04    4.04954e+05   -1.40552e+05    3.61336e+04    5.15964e+05
 Pressure (bar)    dVremain/dl
    4.20677e+02    0.00000e+00

           Step           Time
             16       16.00000

   Energies (kJ/mol)
           Bond          Angle    Proper Dih. Per. Imp. Dih.          LJ-14
    1.07725e+05    3.02172e+04    1.95872e+04    2.58911e+02    6.04417e+03
     Coulomb-14        LJ (SR)   Coulomb (SR)   Coul. recip.      Potential
    5.27530e+04    1.51927e+05   -1.40540e+05    3.61290e+04    2.64102e+05
 Pressure (bar)    dVremain/dl
   -1.46678e+03    0.00000e+00

           Step           Time
             17       17.00000

   Energies (kJ/mol)
           Bond          Angle    Proper Dih. Per. Imp. Dih.          LJ-14
    1.08366e+05    3.04704e+04    1.96318e+04    2.63475e+02    5.91605e+03
     Coulomb-14        LJ (SR)   Coulomb (SR)   Coul. recip.      Potential
    5.27542e+04    6.52771e+04   -1.40519e+05    3.61144e+04    1.78274e+05
 Pressure (bar)    dVremain/dl
   -2.10366e+03    0.00000e+00

           Step           Time
             18       18.00000

   Energies (kJ/mol)
           Bond          Angle    Proper Dih. Per. Imp. Dih.          LJ-14
    1.07222e+05    3.07402e+04    1.96599e+04    2.66950e+02    5.71215e+03
     Coulomb-14        LJ (SR)   Coulomb (SR)   Coul. recip.      Potential
    5.27539e+04    4.08039e+04   -1.40467e+05    3.60796e+04    1.52771e+05
 Pressure (bar)    dVremain/dl
   -2.25372e+03    0.00000e+00

           Step           Time
             19       19.00000

   Energies (kJ/mol)
           Bond          Angle    Proper Dih. Per. Imp. Dih.          LJ-14
    1.05182e+05    3.09235e+04    1.96870e+04    2.66518e+02    5.55121e+03
     Coulomb-14        LJ (SR)   Coulomb (SR)   Coul. recip.      Potential
    5.27527e+04    2.47162e+04   -1.40415e+05    3.60398e+04    1.34704e+05
 Pressure (bar)    dVremain/dl
   -2.33411e+03    0.00000e+00

           Step           Time
             20       20.00000

   Energies (kJ/mol)
           Bond          Angle    Proper Dih. Per. Imp. Dih.          LJ-14
    9.76609e+04    3.13092e+04    1.97027e+04    2.59115e+02    5.39042e+03
     Coulomb-14        LJ (SR)   Coulomb (SR)   Coul. recip.      Potential
    5.27507e+04    1.62200e+04   -1.40260e+05    3.59289e+04    1.18962e+05
 Pressure (bar)    dVremain/dl
   -2.27844e+03    0.00000e+00

           Step           Time
             21       21.00000

   Energies (kJ/mol)
           Bond          Angle    Proper Dih. Per. Imp. Dih.          LJ-14
    9.01446e+04    3.17959e+04    1.97449e+04    2.60225e+02    5.30572e+03
     Coulomb-14        LJ (SR)   Coulomb (SR)   Coul. recip.      Potential
    5.27469e+04    9.09709e+03   -1.40102e+05    3.58101e+04    1.04804e+05
 Pressure (bar)    dVremain/dl
   -2.20401e+03    0.00000e+00

           Step           Time
             22       22.00000

   Energies (kJ/mol)
           Bond          Angle    Proper Dih. Per. Imp. Dih.          LJ-14
    7.27629e+04    3.25149e+04    1.97513e+04    2.54464e+02    5.30673e+03
     Coulomb-14        LJ (SR)   Coulomb (SR)   Coul. recip.      Potential
    5.27426e+04    6.14292e+03   -1.39761e+05    3.55576e+04    8.52725e+04
 Pressure (bar)    dVremain/dl
   -1.94021e+03    0.00000e+00

           Step           Time
             23       23.00000

   Energies (kJ/mol)
           Bond          Angle    Proper Dih. Per. Imp. Dih.          LJ-14
    6.03061e+04    3.28539e+04    1.97919e+04    2.61777e+02    5.24674e+03
     Coulomb-14        LJ (SR)   Coulomb (SR)   Coul. recip.      Potential
    5.27360e+04    2.96208e+03   -1.39489e+05    3.53532e+04    7.00228e+04
 Pressure (bar)    dVremain/dl
   -1.72215e+03    0.00000e+00

           Step           Time
             24       24.00000

   Energies (kJ/mol)
           Bond          Angle    Proper Dih. Per. Imp. Dih.          LJ-14
    4.13937e+04    3.26971e+04    1.97699e+04    2.72029e+02    5.81290e+03
     Coulomb-14        LJ (SR)   Coulomb (SR)   Coul. recip.      Potential
    5.27295e+04    2.06866e+03   -1.39093e+05    3.50441e+04    5.06949e+04
 Pressure (bar)    dVremain/dl
   -1.32241e+03    0.00000e+00

           Step           Time
             25       25.00000

   Energies (kJ/mol)
           Bond          Angle    Proper Dih. Per. Imp. Dih.          LJ-14
    3.28250e+04    3.15627e+04    1.98740e+04    2.80435e+02    5.40915e+03
     Coulomb-14        LJ (SR)   Coulomb (SR)   Coul. recip.      Potential
    5.27193e+04   -5.40455e+01   -1.38897e+05    3.48834e+04    3.86028e+04
 Pressure (bar)    dVremain/dl
   -1.07937e+03    0.00000e+00

           Step           Time
             26       26.00000

   Energies (kJ/mol)
           Bond          Angle    Proper Dih. Per. Imp. Dih.          LJ-14
    1.85722e+04    2.72361e+04    1.98005e+04    3.08002e+02    5.94913e+03
     Coulomb-14        LJ (SR)   Coulomb (SR)   Coul. recip.      Potential
    5.27116e+04    1.36243e+03   -1.38754e+05    3.47087e+04    2.18950e+04
 Pressure (bar)    dVremain/dl
   -6.40952e+02    0.00000e+00

           Step           Time
             27       27.00000

   Energies (kJ/mol)
           Bond          Angle    Proper Dih. Per. Imp. Dih.          LJ-14
    2.07266e+04    2.52861e+04    1.99313e+04    3.13557e+02    8.89532e+03
     Coulomb-14        LJ (SR)   Coulomb (SR)   Coul. recip.      Potential
    5.26989e+04   -3.24113e+03   -1.38859e+05    3.47475e+04    2.04986e+04
 Pressure (bar)    dVremain/dl
   -5.44051e+02    0.00000e+00

           Step           Time
             28       28.00000

   Energies (kJ/mol)
           Bond          Angle    Proper Dih. Per. Imp. Dih.          LJ-14
    1.80630e+04    2.18389e+04    1.99261e+04    3.08528e+02    5.10718e+03
     Coulomb-14        LJ (SR)   Coulomb (SR)   Coul. recip.      Potential
    5.26891e+04   -3.14465e+03   -1.39020e+05    3.48082e+04    1.05765e+04
 Pressure (bar)    dVremain/dl
   -4.83721e+02    0.00000e+00

           Step           Time
             29       29.00000

           Step           Time
             30       30.00000

   Energies (kJ/mol)
           Bond          Angle    Proper Dih. Per. Imp. Dih.          LJ-14
    8.46552e+03    1.69776e+04    1.98194e+04    3.17677e+02    5.04639e+03
     Coulomb-14        LJ (SR)   Coulomb (SR)   Coul. recip.      Potential
    5.26885e+04    2.68487e+03   -1.39335e+05    3.49379e+04    1.60294e+03
 Pressure (bar)    dVremain/dl
   -3.08755e+02    0.00000e+00

           Step           Time
             31       31.00000

           Step           Time
             32       32.00000

   Energies (kJ/mol)
           Bond          Angle    Proper Dih. Per. Imp. Dih.          LJ-14
    1.25250e+04    1.66797e+04    1.98502e+04    2.97741e+02    5.21111e+03
     Coulomb-14        LJ (SR)   Coulomb (SR)   Coul. recip.      Potential
    5.26869e+04   -4.94464e+03   -1.39420e+05    3.49736e+04   -2.14039e+03
 Pressure (bar)    dVremain/dl
   -3.52154e+02    0.00000e+00

           Step           Time
             33       33.00000

           Step           Time
             34       34.00000

   Energies (kJ/mol)
           Bond          Angle    Proper Dih. Per. Imp. Dih.          LJ-14
    8.35158e+03    1.39869e+04    1.97680e+04    3.02220e+02    5.00143e+03
     Coulomb-14        LJ (SR)   Coulomb (SR)   Coul. recip.      Potential
    5.26808e+04   -3.14335e+03   -1.39637e+05    3.50651e+04   -7.62446e+03
 Pressure (bar)    dVremain/dl
   -2.88147e+02    0.00000e+00

           Step           Time
             35       35.00000

   Energies (kJ/mol)
           Bond          Angle    Proper Dih. Per. Imp. Dih.          LJ-14
    9.75127e+03    1.10519e+04    1.97188e+04    2.82769e+02    5.05365e+03
     Coulomb-14        LJ (SR)   Coulomb (SR)   Coul. recip.      Potential
    5.26718e+04   -5.28083e+03   -1.40070e+05    3.52382e+04   -1.15820e+04
 Pressure (bar)    dVremain/dl
   -2.28388e+02    0.00000e+00

           Step           Time
             36       36.00000

   Energies (kJ/mol)
           Bond          Angle    Proper Dih. Per. Imp. Dih.          LJ-14
    6.24386e+03    9.06189e+03    1.96723e+04    2.93648e+02    4.92573e+03
     Coulomb-14        LJ (SR)   Coulomb (SR)   Coul. recip.      Potential
    5.26698e+04   -3.63240e+03   -1.40321e+05    3.53271e+04   -1.57588e+04
 Pressure (bar)    dVremain/dl
   -1.76026e+02    0.00000e+00

           Step           Time
             37       37.00000

   Energies (kJ/mol)
           Bond          Angle    Proper Dih. Per. Imp. Dih.          LJ-14
    8.37833e+03    8.49596e+03    1.96701e+04    2.77702e+02    5.11445e+03
     Coulomb-14        LJ (SR)   Coulomb (SR)   Coul. recip.      Potential
    5.26659e+04   -5.46249e+03   -1.40619e+05    3.54202e+04   -1.60589e+04
 Pressure (bar)    dVremain/dl
   -1.52929e+02    0.00000e+00

           Step           Time
             38       38.00000

   Energies (kJ/mol)
           Bond          Angle    Proper Dih. Per. Imp. Dih.          LJ-14
    5.10861e+03    6.94954e+03    1.96392e+04    2.94765e+02    4.88462e+03
     Coulomb-14        LJ (SR)   Coulomb (SR)   Coul. recip.      Potential
    5.26666e+04   -4.92747e+03   -1.40911e+05    3.54975e+04   -2.07977e+04
 Pressure (bar)    dVremain/dl
   -1.11597e+02    0.00000e+00

           Step           Time
             39       39.00000

           Step           Time
             40       40.00000

   Energies (kJ/mol)
           Bond          Angle    Proper Dih. Per. Imp. Dih.          LJ-14
    4.63213e+03    6.85817e+03    1.97104e+04    2.90760e+02    5.15426e+03
     Coulomb-14        LJ (SR)   Coulomb (SR)   Coul. recip.      Potential
    5.26657e+04   -5.88521e+03   -1.41104e+05    3.55356e+04   -2.21419e+04
 Pressure (bar)    dVremain/dl
   -9.65728e+01    0.00000e+00

           Step           Time
             41       41.00000

   Energies (kJ/mol)
           Bond          Angle    Proper Dih. Per. Imp. Dih.          LJ-14
    3.16316e+03    6.14122e+03    1.96295e+04    2.99805e+02    4.83498e+03
     Coulomb-14        LJ (SR)   Coulomb (SR)   Coul. recip.      Potential
    5.26639e+04   -4.58075e+03   -1.41395e+05    3.55841e+04   -2.36594e+04
 Pressure (bar)    dVremain/dl
   -6.06034e+01    0.00000e+00

           Step           Time
             42       42.00000

   Energies (kJ/mol)
           Bond          Angle    Proper Dih. Per. Imp. Dih.          LJ-14
    4.20306e+03    6.36086e+03    1.96758e+04    2.83760e+02    5.21978e+03
     Coulomb-14        LJ (SR)   Coulomb (SR)   Coul. recip.      Potential
    5.26644e+04   -6.47302e+03   -1.41555e+05    3.55987e+04   -2.40213e+04
 Pressure (bar)    dVremain/dl
   -6.05949e+01    0.00000e+00

           Step           Time
             43       43.00000

   Energies (kJ/mol)
           Bond          Angle    Proper Dih. Per. Imp. Dih.          LJ-14
    2.36046e+03    5.99011e+03    1.96445e+04    3.08003e+02    4.78857e+03
     Coulomb-14        LJ (SR)   Coulomb (SR)   Coul. recip.      Potential
    5.26645e+04   -3.58256e+03   -1.41874e+05    3.56185e+04   -2.40817e+04
 Pressure (bar)    dVremain/dl
   -1.89354e+01    0.00000e+00

           Step           Time
             44       44.00000

   Energies (kJ/mol)
           Bond          Angle    Proper Dih. Per. Imp. Dih.          LJ-14
    3.59832e+03    6.45283e+03    1.95979e+04    2.82335e+02    5.98223e+03
     Coulomb-14        LJ (SR)   Coulomb (SR)   Coul. recip.      Potential
    5.26665e+04   -6.69988e+03   -1.41980e+05    3.56151e+04   -2.44847e+04
 Pressure (bar)    dVremain/dl
   -2.98765e+01    0.00000e+00

           Step           Time
             45       45.00000

   Energies (kJ/mol)
           Bond          Angle    Proper Dih. Per. Imp. Dih.          LJ-14
    3.50240e+03    6.22435e+03    1.96218e+04    2.89987e+02    4.75140e+03
     Coulomb-14        LJ (SR)   Coulomb (SR)   Coul. recip.      Potential
    5.26597e+04   -5.20053e+03   -1.42147e+05    3.56089e+04   -2.46890e+04
 Pressure (bar)    dVremain/dl
   -2.09477e+01    0.00000e+00

           Step           Time
             46       46.00000

           Step           Time
             47       47.00000

   Energies (kJ/mol)
           Bond          Angle    Proper Dih. Per. Imp. Dih.          LJ-14
    2.55709e+03    5.76915e+03    1.96356e+04    2.85538e+02    4.76552e+03
     Coulomb-14        LJ (SR)   Coulomb (SR)   Coul. recip.      Potential
    5.26662e+04   -6.70258e+03   -1.42294e+05    3.55964e+04   -2.77214e+04
 Pressure (bar)    dVremain/dl
   -2.26811e+01    0.00000e+00

           Step           Time
             48       48.00000

           Step           Time
             49       49.00000

   Energies (kJ/mol)
           Bond          Angle    Proper Dih. Per. Imp. Dih.          LJ-14
    1.81273e+03    5.39455e+03    1.95737e+04    2.90981e+02    4.75069e+03
     Coulomb-14        LJ (SR)   Coulomb (SR)   Coul. recip.      Potential
    5.26669e+04   -6.40382e+03   -1.42595e+05    3.55638e+04   -2.89456e+04
 Pressure (bar)    dVremain/dl
   -8.71757e+00    0.00000e+00

           Step           Time
             50       50.00000

           Step           Time
             51       51.00000

   Energies (kJ/mol)
           Bond          Angle    Proper Dih. Per. Imp. Dih.          LJ-14
    1.82673e+03    5.27545e+03    1.95747e+04    2.83263e+02    4.78918e+03
     Coulomb-14        LJ (SR)   Coulomb (SR)   Coul. recip.      Potential
    5.26683e+04   -6.81082e+03   -1.42774e+05    3.55329e+04   -2.96339e+04
 Pressure (bar)    dVremain/dl
   -7.32695e+00    0.00000e+00

           Step           Time
             52       52.00000

   Energies (kJ/mol)
           Bond          Angle    Proper Dih. Per. Imp. Dih.          LJ-14
    1.75486e+03    5.09562e+03    1.95273e+04    2.88644e+02    4.68569e+03
     Coulomb-14        LJ (SR)   Coulomb (SR)   Coul. recip.      Potential
    5.26707e+04   -6.35003e+03   -1.43081e+05    3.54744e+04   -2.99338e+04
 Pressure (bar)    dVremain/dl
   -4.09113e-01    0.00000e+00

           Step           Time
             53       53.00000

   Energies (kJ/mol)
           Bond          Angle    Proper Dih. Per. Imp. Dih.          LJ-14
    1.63096e+03    5.08862e+03    1.95452e+04    2.86619e+02    4.77767e+03
     Coulomb-14        LJ (SR)   Coulomb (SR)   Coul. recip.      Potential
    5.26716e+04   -6.90492e+03   -1.43215e+05    3.54408e+04   -3.06781e+04
 Pressure (bar)    dVremain/dl
   -2.30135e+00    0.00000e+00

           Step           Time
             54       54.00000

   Energies (kJ/mol)
           Bond          Angle    Proper Dih. Per. Imp. Dih.          LJ-14
    1.78370e+03    4.95201e+03    1.94972e+04    2.91765e+02    4.64752e+03
     Coulomb-14        LJ (SR)   Coulomb (SR)   Coul. recip.      Potential
    5.26740e+04   -6.39301e+03   -1.43518e+05    3.53681e+04   -3.06966e+04
 Pressure (bar)    dVremain/dl
    1.46939e+00    0.00000e+00

           Step           Time
             55       55.00000

   Energies (kJ/mol)
           Bond          Angle    Proper Dih. Per. Imp. Dih.          LJ-14
    1.56083e+03    5.01558e+03    1.95198e+04    2.92346e+02    4.77222e+03
     Coulomb-14        LJ (SR)   Coulomb (SR)   Coul. recip.      Potential
    5.26756e+04   -6.98847e+03   -1.43649e+05    3.53299e+04   -3.14713e+04
 Pressure (bar)    dVremain/dl
   -1.21066e+00    0.00000e+00

           Step           Time
             56       56.00000

           Step           Time
             57       57.00000

   Energies (kJ/mol)
           Bond          Angle    Proper Dih. Per. Imp. Dih.          LJ-14
    1.49335e+03    4.79856e+03    1.94826e+04    2.93334e+02    4.64251e+03
     Coulomb-14        LJ (SR)   Coulomb (SR)   Coul. recip.      Potential
    5.26765e+04   -6.88139e+03   -1.43807e+05    3.52877e+04   -3.20135e+04
 Pressure (bar)    dVremain/dl
   -1.22819e+00    0.00000e+00

           Step           Time
             58       58.00000

           Step           Time
             59       59.00000

   Energies (kJ/mol)
           Bond          Angle    Proper Dih. Per. Imp. Dih.          LJ-14
    1.38455e+03    4.82588e+03    1.94741e+04    2.94564e+02    4.68391e+03
     Coulomb-14        LJ (SR)   Coulomb (SR)   Coul. recip.      Potential
    5.26784e+04   -6.96369e+03   -1.43992e+05    3.52337e+04   -3.23809e+04
 Pressure (bar)    dVremain/dl
   -1.20469e+00    0.00000e+00

           Step           Time
             60       60.00000

   Energies (kJ/mol)
           Bond          Angle    Proper Dih. Per. Imp. Dih.          LJ-14
    1.59006e+03    4.67398e+03    1.94361e+04    2.96415e+02    4.62459e+03
     Coulomb-14        LJ (SR)   Coulomb (SR)   Coul. recip.      Potential
    5.26811e+04   -6.89616e+03   -1.44221e+05    3.51696e+04   -3.26450e+04
 Pressure (bar)    dVremain/dl
   -1.78746e+00    0.00000e+00

           Step           Time
             61       61.00000

   Energies (kJ/mol)
           Bond          Angle    Proper Dih. Per. Imp. Dih.          LJ-14
    1.38263e+03    4.78949e+03    1.94453e+04    2.98764e+02    4.68490e+03
     Coulomb-14        LJ (SR)   Coulomb (SR)   Coul. recip.      Potential
    5.26825e+04   -7.01449e+03   -1.44383e+05    3.51188e+04   -3.29954e+04
 Pressure (bar)    dVremain/dl
   -2.13358e+00    0.00000e+00

           Step           Time
             62       62.00000

           Step           Time
             63       63.00000

   Energies (kJ/mol)
           Bond          Angle    Proper Dih. Per. Imp. Dih.          LJ-14
    1.35823e+03    4.61204e+03    1.94179e+04    2.98918e+02    4.62540e+03
     Coulomb-14        LJ (SR)   Coulomb (SR)   Coul. recip.      Potential
    5.26841e+04   -6.99466e+03   -1.44498e+05    3.50858e+04   -3.34103e+04
 Pressure (bar)    dVremain/dl
   -2.59800e+00    0.00000e+00

           Step           Time
             64       64.00000

   Energies (kJ/mol)
           Bond          Angle    Proper Dih. Per. Imp. Dih.          LJ-14
    1.40515e+03    4.74870e+03    1.94016e+04    3.03313e+02    4.68519e+03
     Coulomb-14        LJ (SR)   Coulomb (SR)   Coul. recip.      Potential
    5.26883e+04   -7.04924e+03   -1.44913e+05    3.49594e+04   -3.37710e+04
 Pressure (bar)    dVremain/dl
   -4.07188e+00    0.00000e+00

           Step           Time
             65       65.00000

   Energies (kJ/mol)
           Bond          Angle    Proper Dih. Per. Imp. Dih.          LJ-14
    1.44194e+03    4.50404e+03    1.93694e+04    3.03784e+02    4.60122e+03
     Coulomb-14        LJ (SR)   Coulomb (SR)   Coul. recip.      Potential
    5.26902e+04   -7.02891e+03   -1.45040e+05    3.49205e+04   -3.42382e+04
 Pressure (bar)    dVremain/dl
   -4.43077e+00    0.00000e+00

           Step           Time
             66       66.00000

           Step           Time
             67       67.00000

   Energies (kJ/mol)
           Bond          Angle    Proper Dih. Per. Imp. Dih.          LJ-14
    1.25823e+03    4.55819e+03    1.93700e+04    3.04937e+02    4.62275e+03
     Coulomb-14        LJ (SR)   Coulomb (SR)   Coul. recip.      Potential
    5.26914e+04   -7.07431e+03   -1.45160e+05    3.48818e+04   -3.45471e+04
 Pressure (bar)    dVremain/dl
   -4.72129e+00    0.00000e+00

           Step           Time
             68       68.00000

   Energies (kJ/mol)
           Bond          Angle    Proper Dih. Per. Imp. Dih.          LJ-14
    1.56960e+03    4.45163e+03    1.93332e+04    3.07147e+02    4.58950e+03
     Coulomb-14        LJ (SR)   Coulomb (SR)   Coul. recip.      Potential
    5.26953e+04   -7.05210e+03   -1.45484e+05    3.47830e+04   -3.48064e+04
 Pressure (bar)    dVremain/dl
   -6.44695e+00    0.00000e+00

           Step           Time
             69       69.00000

   Energies (kJ/mol)
           Bond          Angle    Proper Dih. Per. Imp. Dih.          LJ-14
    1.25367e+03    4.53259e+03    1.93396e+04    3.08652e+02    4.61976e+03
     Coulomb-14        LJ (SR)   Coulomb (SR)   Coul. recip.      Potential
    5.26966e+04   -7.11134e+03   -1.45601e+05    3.47428e+04   -3.52182e+04
 Pressure (bar)    dVremain/dl
   -6.26196e+00    0.00000e+00

           Step           Time
             70       70.00000

           Step           Time
             71       71.00000

   Energies (kJ/mol)
           Bond          Angle    Proper Dih. Per. Imp. Dih.          LJ-14
    1.34631e+03    4.41774e+03    1.93178e+04    3.09200e+02    4.59035e+03
     Coulomb-14        LJ (SR)   Coulomb (SR)   Coul. recip.      Potential
    5.26982e+04   -7.10117e+03   -1.45747e+05    3.46975e+04   -3.54706e+04
 Pressure (bar)    dVremain/dl
   -6.97030e+00    0.00000e+00

           Step           Time
             72       72.00000

   Energies (kJ/mol)
           Bond          Angle    Proper Dih. Per. Imp. Dih.          LJ-14
    1.26112e+03    4.52057e+03    1.93167e+04    3.11002e+02    4.61662e+03
     Coulomb-14        LJ (SR)   Coulomb (SR)   Coul. recip.      Potential
    5.27003e+04   -7.12775e+03   -1.45932e+05    3.46363e+04   -3.56972e+04
 Pressure (bar)    dVremain/dl
   -7.43672e+00    0.00000e+00

           Step           Time
             73       73.00000

   Energies (kJ/mol)
           Bond          Angle    Proper Dih. Per. Imp. Dih.          LJ-14
    1.47624e+03    4.38039e+03    1.92920e+04    3.11744e+02    4.57921e+03
     Coulomb-14        LJ (SR)   Coulomb (SR)   Coul. recip.      Potential
    5.27021e+04   -7.11102e+03   -1.46102e+05    3.45835e+04   -3.58874e+04
 Pressure (bar)    dVremain/dl
   -8.35349e+00    0.00000e+00

           Step           Time
             74       74.00000

   Energies (kJ/mol)
           Bond          Angle    Proper Dih. Per. Imp. Dih.          LJ-14
    1.29587e+03    4.53510e+03    1.92980e+04    3.13467e+02    4.61699e+03
     Coulomb-14        LJ (SR)   Coulomb (SR)   Coul. recip.      Potential
    5.27039e+04   -7.14362e+03   -1.46254e+05    3.45310e+04   -3.61035e+04
 Pressure (bar)    dVremain/dl
   -8.54711e+00    0.00000e+00

           Step           Time
             75       75.00000

           Step           Time
             76       76.00000

   Energies (kJ/mol)
           Bond          Angle    Proper Dih. Per. Imp. Dih.          LJ-14
    1.27481e+03    4.37045e+03    1.92790e+04    3.13447e+02    4.58298e+03
     Coulomb-14        LJ (SR)   Coulomb (SR)   Coul. recip.      Potential
    5.27049e+04   -7.14271e+03   -1.46347e+05    3.45022e+04   -3.64616e+04
 Pressure (bar)    dVremain/dl
   -8.91832e+00    0.00000e+00

           Step           Time
             77       77.00000

   Energies (kJ/mol)
           Bond          Angle    Proper Dih. Per. Imp. Dih.          LJ-14
    1.33061e+03    4.52463e+03    1.92640e+04    3.16103e+02    4.61340e+03
     Coulomb-14        LJ (SR)   Coulomb (SR)   Coul. recip.      Potential
    5.27095e+04   -7.15555e+03   -1.46743e+05    3.43705e+04   -3.67700e+04
 Pressure (bar)    dVremain/dl
   -1.05696e+01    0.00000e+00

           Step           Time
             78       78.00000

   Energies (kJ/mol)
           Bond          Angle    Proper Dih. Per. Imp. Dih.          LJ-14
    1.40013e+03    4.31547e+03    1.92438e+04    3.16426e+02    4.56918e+03
     Coulomb-14        LJ (SR)   Coulomb (SR)   Coul. recip.      Potential
    5.27103e+04   -7.15225e+03   -1.46856e+05    3.43330e+04   -3.71203e+04
 Pressure (bar)    dVremain/dl
   -1.06047e+01    0.00000e+00

           Step           Time
             79       79.00000

           Step           Time
             80       80.00000

   Energies (kJ/mol)
           Bond          Angle    Proper Dih. Per. Imp. Dih.          LJ-14
    1.21686e+03    4.37138e+03    1.92420e+04    3.17002e+02    4.58335e+03
     Coulomb-14        LJ (SR)   Coulomb (SR)   Coul. recip.      Potential
    5.27118e+04   -7.16803e+03   -1.46958e+05    3.42975e+04   -3.73861e+04
 Pressure (bar)    dVremain/dl
   -1.07242e+01    0.00000e+00

           Step           Time
             81       81.00000

   Energies (kJ/mol)
           Bond          Angle    Proper Dih. Per. Imp. Dih.          LJ-14
    1.48096e+03    4.29508e+03    1.92201e+04    3.18195e+02    4.56378e+03
     Coulomb-14        LJ (SR)   Coulomb (SR)   Coul. recip.      Potential
    5.27141e+04   -7.15836e+03   -1.47234e+05    3.42060e+04   -3.75944e+04
 Pressure (bar)    dVremain/dl
   -1.21711e+01    0.00000e+00

           Step           Time
             82       82.00000

   Energies (kJ/mol)
           Bond          Angle    Proper Dih. Per. Imp. Dih.          LJ-14
    1.24388e+03    4.39521e+03    1.92200e+04    3.19061e+02    4.58548e+03
     Coulomb-14        LJ (SR)   Coulomb (SR)   Coul. recip.      Potential
    5.27163e+04   -7.17841e+03   -1.47350e+05    3.41632e+04   -3.78854e+04
 Pressure (bar)    dVremain/dl
   -1.18808e+01    0.00000e+00

           Step           Time
             83       83.00000

           Step           Time
             84       84.00000

   Energies (kJ/mol)
           Bond          Angle    Proper Dih. Per. Imp. Dih.          LJ-14
    1.28111e+03    4.28513e+03    1.92082e+04    3.19273e+02    4.56643e+03
     Coulomb-14        LJ (SR)   Coulomb (SR)   Coul. recip.      Potential
    5.27166e+04   -7.17556e+03   -1.47453e+05    3.41293e+04   -3.81222e+04
 Pressure (bar)    dVremain/dl
   -1.23372e+01    0.00000e+00

           Step           Time
             85       85.00000

   Energies (kJ/mol)
           Bond          Angle    Proper Dih. Per. Imp. Dih.          LJ-14
    1.27980e+03    4.40409e+03    1.92007e+04    3.20463e+02    4.58445e+03
     Coulomb-14        LJ (SR)   Coulomb (SR)   Coul. recip.      Potential
    5.27198e+04   -7.18253e+03   -1.47675e+05    3.40512e+04   -3.82969e+04
 Pressure (bar)    dVremain/dl
   -1.30241e+01    0.00000e+00

           Step           Time
             86       86.00000

   Energies (kJ/mol)
           Bond          Angle    Proper Dih. Per. Imp. Dih.          LJ-14
    1.39863e+03    4.26283e+03    1.91881e+04    3.20809e+02    4.55909e+03
     Coulomb-14        LJ (SR)   Coulomb (SR)   Coul. recip.      Potential
    5.27195e+04   -7.17661e+03   -1.47796e+05    3.40104e+04   -3.85127e+04
 Pressure (bar)    dVremain/dl
   -1.34833e+01    0.00000e+00

           Step           Time
             87       87.00000

   Energies (kJ/mol)
           Bond          Angle    Proper Dih. Per. Imp. Dih.          LJ-14
    1.38000e+03    4.44803e+03    1.91861e+04    3.21833e+02    4.58661e+03
     Coulomb-14        LJ (SR)   Coulomb (SR)   Coul. recip.      Potential
    5.27232e+04   -7.18577e+03   -1.47961e+05    3.39503e+04   -3.85509e+04
 Pressure (bar)    dVremain/dl
   -1.39339e+01    0.00000e+00

           Step           Time
             88       88.00000

   Energies (kJ/mol)
           Bond          Angle    Proper Dih. Per. Imp. Dih.          LJ-14
    1.70082e+03    4.28188e+03    1.91734e+04    3.22269e+02    4.55368e+03
     Coulomb-14        LJ (SR)   Coulomb (SR)   Coul. recip.      Potential
    5.27215e+04   -7.17284e+03   -1.48093e+05    3.39065e+04   -3.86058e+04
 Pressure (bar)    dVremain/dl
   -1.48173e+01    0.00000e+00

           Step           Time
             89       89.00000

           Step           Time
             90       90.00000

   Energies (kJ/mol)
           Bond          Angle    Proper Dih. Per. Imp. Dih.          LJ-14
    1.21527e+03    4.27941e+03    1.91688e+04    3.22422e+02    4.56342e+03
     Coulomb-14        LJ (SR)   Coulomb (SR)   Coul. recip.      Potential
    5.27242e+04   -7.19113e+03   -1.48167e+05    3.38783e+04   -3.92064e+04
 Pressure (bar)    dVremain/dl
   -1.42828e+01    0.00000e+00

           Step           Time
             91       91.00000

   Energies (kJ/mol)
           Bond          Angle    Proper Dih. Per. Imp. Dih.          LJ-14
    1.56596e+03    4.25057e+03    1.91420e+04    3.23767e+02    4.55318e+03
     Coulomb-14        LJ (SR)   Coulomb (SR)   Coul. recip.      Potential
    5.27261e+04   -7.17967e+03   -1.48624e+05    3.37194e+04   -3.95227e+04
 Pressure (bar)    dVremain/dl
   -1.69025e+01    0.00000e+00

           Step           Time
             92       92.00000

   Energies (kJ/mol)
           Bond          Angle    Proper Dih. Per. Imp. Dih.          LJ-14
    1.22898e+03    4.26077e+03    1.91378e+04    3.24097e+02    4.55877e+03
     Coulomb-14        LJ (SR)   Coulomb (SR)   Coul. recip.      Potential
    5.27294e+04   -7.19095e+03   -1.48700e+05    3.36881e+04   -3.99634e+04
 Pressure (bar)    dVremain/dl
   -1.58181e+01    0.00000e+00

           Step           Time
             93       93.00000

   Energies (kJ/mol)
           Bond          Angle    Proper Dih. Per. Imp. Dih.          LJ-14
    1.57371e+03    4.24362e+03    1.91253e+04    3.24914e+02    4.55099e+03
     Coulomb-14        LJ (SR)   Coulomb (SR)   Coul. recip.      Potential
    5.27288e+04   -7.18604e+03   -1.48942e+05    3.36010e+04   -3.99801e+04
 Pressure (bar)    dVremain/dl
   -1.68613e+01    0.00000e+00

           Step           Time
             94       94.00000

   Energies (kJ/mol)
           Bond          Angle    Proper Dih. Per. Imp. Dih.          LJ-14
    1.28016e+03    4.25752e+03    1.91202e+04    3.25141e+02    4.55519e+03
     Coulomb-14        LJ (SR)   Coulomb (SR)   Coul. recip.      Potential
    5.27327e+04   -7.19148e+03   -1.49033e+05    3.35674e+04   -4.03860e+04
 Pressure (bar)    dVremain/dl
   -1.66758e+01    0.00000e+00

           Step           Time
             95       95.00000

           Step           Time
             96       96.00000

   Energies (kJ/mol)
           Bond          Angle    Proper Dih. Per. Imp. Dih.          LJ-14
    1.26227e+03    4.22379e+03    1.91153e+04    3.25343e+02    4.55194e+03
     Coulomb-14        LJ (SR)   Coulomb (SR)   Coul. recip.      Potential
    5.27316e+04   -7.18943e+03   -1.49120e+05    3.35353e+04   -4.05643e+04
 Pressure (bar)    dVremain/dl
   -1.68816e+01    0.00000e+00

           Step           Time
             97       97.00000

   Energies (kJ/mol)
           Bond          Angle    Proper Dih. Per. Imp. Dih.          LJ-14
    1.33769e+03    4.25189e+03    1.91075e+04    3.25762e+02    4.55252e+03
     Coulomb-14        LJ (SR)   Coulomb (SR)   Coul. recip.      Potential
    5.27348e+04   -7.18998e+03   -1.49273e+05    3.34798e+04   -4.06734e+04
 Pressure (bar)    dVremain/dl
   -1.74199e+01    0.00000e+00

           Step           Time
             98       98.00000

   Energies (kJ/mol)
           Bond          Angle    Proper Dih. Per. Imp. Dih.          LJ-14
    1.32071e+03    4.22140e+03    1.91027e+04    3.25959e+02    4.54985e+03
     Coulomb-14        LJ (SR)   Coulomb (SR)   Coul. recip.      Potential
    5.27332e+04   -7.18801e+03   -1.49364e+05    3.34462e+04   -4.08519e+04
 Pressure (bar)    dVremain/dl
   -1.75981e+01    0.00000e+00

           Step           Time
             99       99.00000

   Energies (kJ/mol)
           Bond          Angle    Proper Dih. Per. Imp. Dih.          LJ-14
    1.45384e+03    4.25516e+03    1.90957e+04    3.26362e+02    4.55005e+03
     Coulomb-14        LJ (SR)   Coulomb (SR)   Coul. recip.      Potential
    5.27368e+04   -7.18811e+03   -1.49505e+05    3.33951e+04   -4.08804e+04
 Pressure (bar)    dVremain/dl
   -1.81621e+01    0.00000e+00

           Step           Time
            100      100.00000

   Energies (kJ/mol)
           Bond          Angle    Proper Dih. Per. Imp. Dih.          LJ-14
    1.45427e+03    4.22853e+03    1.90908e+04    3.26559e+02    4.54808e+03
     Coulomb-14        LJ (SR)   Coulomb (SR)   Coul. recip.      Potential
    5.27345e+04   -7.18617e+03   -1.49596e+05    3.33612e+04   -4.10383e+04
 Pressure (bar)    dVremain/dl
   -1.83848e+01    0.00000e+00

           Step           Time
            101      101.00000

           Step           Time
            102      102.00000

   Energies (kJ/mol)
           Bond          Angle    Proper Dih. Per. Imp. Dih.          LJ-14
    1.22073e+03    4.21290e+03    1.90874e+04    3.26710e+02    4.54754e+03
     Coulomb-14        LJ (SR)   Coulomb (SR)   Coul. recip.      Potential
    5.27367e+04   -7.18621e+03   -1.49664e+05    3.33359e+04   -4.13826e+04
 Pressure (bar)    dVremain/dl
   -1.81892e+01    0.00000e+00

           Step           Time
            103      103.00000

   Energies (kJ/mol)
           Bond          Angle    Proper Dih. Per. Imp. Dih.          LJ-14
    1.60160e+03    4.23196e+03    1.90702e+04    3.27537e+02    4.54513e+03
     Coulomb-14        LJ (SR)   Coulomb (SR)   Coul. recip.      Potential
    5.27370e+04   -7.18125e+03   -1.50007e+05    3.32110e+04   -4.14639e+04
 Pressure (bar)    dVremain/dl
   -2.01281e+01    0.00000e+00

           Step           Time
            104      104.00000

   Energies (kJ/mol)
           Bond          Angle    Proper Dih. Per. Imp. Dih.          LJ-14
    1.27174e+03    4.20716e+03    1.90666e+04    3.27677e+02    4.54369e+03
     Coulomb-14        LJ (SR)   Coulomb (SR)   Coul. recip.      Potential
    5.27399e+04   -7.18062e+03   -1.50084e+05    3.31810e+04   -4.19271e+04
 Pressure (bar)    dVremain/dl
   -1.93897e+01    0.00000e+00

           Step           Time
            105      105.00000

           Step           Time
            106      106.00000

   Energies (kJ/mol)
           Bond          Angle    Proper Dih. Per. Imp. Dih.          LJ-14
    1.28670e+03    4.20150e+03    1.90616e+04    3.27820e+02    4.54327e+03
     Coulomb-14        LJ (SR)   Coulomb (SR)   Coul. recip.      Potential
    5.27390e+04   -7.17938e+03   -1.50182e+05    3.31443e+04   -4.20569e+04
 Pressure (bar)    dVremain/dl
   -1.95602e+01    0.00000e+00

           Step           Time
            107      107.00000

   Energies (kJ/mol)
           Bond          Angle    Proper Dih. Per. Imp. Dih.          LJ-14
    1.33882e+03    4.20858e+03    1.90563e+04    3.28080e+02    4.54187e+03
     Coulomb-14        LJ (SR)   Coulomb (SR)   Coul. recip.      Potential
    5.27414e+04   -7.17711e+03   -1.50300e+05    3.31012e+04   -4.21605e+04
 Pressure (bar)    dVremain/dl
   -1.99625e+01    0.00000e+00

           Step           Time
            108      108.00000

   Energies (kJ/mol)
           Bond          Angle    Proper Dih. Per. Imp. Dih.          LJ-14
    1.38182e+03    4.20629e+03    1.90513e+04    3.28197e+02    4.54171e+03
     Coulomb-14        LJ (SR)   Coulomb (SR)   Coul. recip.      Potential
    5.27400e+04   -7.17598e+03   -1.50395e+05    3.30654e+04   -4.22561e+04
 Pressure (bar)    dVremain/dl
   -2.02420e+01    0.00000e+00

           Step           Time
            109      109.00000

   Energies (kJ/mol)
           Bond          Angle    Proper Dih. Per. Imp. Dih.          LJ-14
    1.48202e+03    4.21912e+03    1.90463e+04    3.28512e+02    4.54011e+03
     Coulomb-14        LJ (SR)   Coulomb (SR)   Coul. recip.      Potential
    5.27429e+04   -7.17310e+03   -1.50513e+05    3.30222e+04   -4.23054e+04
 Pressure (bar)    dVremain/dl
   -2.06575e+01    0.00000e+00

           Step           Time
            110      110.00000

   Energies (kJ/mol)
           Bond          Angle    Proper Dih. Per. Imp. Dih.          LJ-14
    1.59092e+03    4.22388e+03    1.90413e+04    3.28629e+02    4.54033e+03
     Coulomb-14        LJ (SR)   Coulomb (SR)   Coul. recip.      Potential
    5.27407e+04   -7.17231e+03   -1.50604e+05    3.29882e+04   -4.23224e+04
 Pressure (bar)    dVremain/dl
   -2.10382e+01    0.00000e+00

           Step           Time
            111      111.00000

           Step           Time
            112      112.00000

   Energies (kJ/mol)
           Bond          Angle    Proper Dih. Per. Imp. Dih.          LJ-14
    1.21096e+03    4.18696e+03    1.90389e+04    3.28743e+02    4.53900e+03
     Coulomb-14        LJ (SR)   Coulomb (SR)   Coul. recip.      Potential
    5.27426e+04   -7.17075e+03   -1.50665e+05    3.29649e+04   -4.28233e+04
 Pressure (bar)    dVremain/dl
   -2.06091e+01    0.00000e+00

           Step           Time
            113      113.00000

   Energies (kJ/mol)
           Bond          Angle    Proper Dih. Per. Imp. Dih.          LJ-14
    1.87405e+03    4.23338e+03    1.90116e+04    3.29754e+02    4.53536e+03
     Coulomb-14        LJ (SR)   Coulomb (SR)   Coul. recip.      Potential
    5.27433e+04   -7.15614e+03   -1.51251e+05    3.27525e+04   -4.29272e+04
 Pressure (bar)    dVremain/dl
   -2.47022e+01    0.00000e+00

           Step           Time
            114      114.00000

   Energies (kJ/mol)
           Bond          Angle    Proper Dih. Per. Imp. Dih.          LJ-14
    1.26993e+03    4.18103e+03    1.90092e+04    3.29878e+02    4.53371e+03
     Coulomb-14        LJ (SR)   Coulomb (SR)   Coul. recip.      Potential
    5.27459e+04   -7.15437e+03   -1.51318e+05    3.27228e+04   -4.36797e+04
 Pressure (bar)    dVremain/dl
   -2.25646e+01    0.00000e+00

           Step           Time
            115      115.00000

           Step           Time
            116      116.00000

   Energies (kJ/mol)
           Bond          Angle    Proper Dih. Per. Imp. Dih.          LJ-14
    1.35943e+03    4.18555e+03    1.90040e+04    3.29902e+02    4.53341e+03
     Coulomb-14        LJ (SR)   Coulomb (SR)   Coul. recip.      Potential
    5.27448e+04   -7.15283e+03   -1.51422e+05    3.26823e+04   -4.37355e+04
 Pressure (bar)    dVremain/dl
   -2.23844e+01    0.00000e+00

           Step           Time
            117      117.00000

   Energies (kJ/mol)
           Bond          Angle    Proper Dih. Per. Imp. Dih.          LJ-14
    1.35511e+03    4.18696e+03    1.90005e+04    3.30135e+02    4.53229e+03
     Coulomb-14        LJ (SR)   Coulomb (SR)   Coul. recip.      Potential
    5.27467e+04   -7.14901e+03   -1.51521e+05    3.26463e+04   -4.38719e+04
 Pressure (bar)    dVremain/dl
   -2.28563e+01    0.00000e+00

           Step           Time
            118      118.00000

           Step           Time
            119      119.00000

   Energies (kJ/mol)
           Bond          Angle    Proper Dih. Per. Imp. Dih.          LJ-14
    1.21031e+03    4.17065e+03    1.89979e+04    3.30091e+02    4.53207e+03
     Coulomb-14        LJ (SR)   Coulomb (SR)   Coul. recip.      Potential
    5.27459e+04   -7.14859e+03   -1.51569e+05    3.26280e+04   -4.41023e+04
 Pressure (bar)    dVremain/dl
   -2.27098e+01    0.00000e+00

           Step           Time
            120      120.00000

   Energies (kJ/mol)
           Bond          Angle    Proper Dih. Per. Imp. Dih.          LJ-14
    1.45234e+03    4.19108e+03    1.89867e+04    3.30525e+02    4.53010e+03
     Coulomb-14        LJ (SR)   Coulomb (SR)   Coul. recip.      Potential
    5.27476e+04   -7.13881e+03   -1.51851e+05    3.25236e+04   -4.42282e+04
 Pressure (bar)    dVremain/dl
   -2.39816e+01    0.00000e+00

           Step           Time
            121      121.00000

   Energies (kJ/mol)
           Bond          Angle    Proper Dih. Per. Imp. Dih.          LJ-14
    1.24821e+03    4.17020e+03    1.89837e+04    3.30423e+02    4.52977e+03
     Coulomb-14        LJ (SR)   Coulomb (SR)   Coul. recip.      Potential
    5.27464e+04   -7.13886e+03   -1.51902e+05    3.25037e+04   -4.45289e+04
 Pressure (bar)    dVremain/dl
   -2.35530e+01    0.00000e+00

           Step           Time
            122      122.00000

           Step           Time
            123      123.00000

   Energies (kJ/mol)
           Bond          Angle    Proper Dih. Per. Imp. Dih.          LJ-14
    1.24973e+03    4.16970e+03    1.89805e+04    3.30623e+02    4.52903e+03
     Coulomb-14        LJ (SR)   Coulomb (SR)   Coul. recip.      Potential
    5.27473e+04   -7.13525e+03   -1.51992e+05    3.24698e+04   -4.46509e+04
 Pressure (bar)    dVremain/dl
   -2.36940e+01    0.00000e+00

           Step           Time
            124      124.00000

   Energies (kJ/mol)
           Bond          Angle    Proper Dih. Per. Imp. Dih.          LJ-14
    1.29919e+03    4.17287e+03    1.89758e+04    3.30627e+02    4.52851e+03
     Coulomb-14        LJ (SR)   Coulomb (SR)   Coul. recip.      Potential
    5.27464e+04   -7.13302e+03   -1.52091e+05    3.24333e+04   -4.47374e+04
 Pressure (bar)    dVremain/dl
   -2.40380e+01    0.00000e+00

           Step           Time
            125      125.00000

   Energies (kJ/mol)
           Bond          Angle    Proper Dih. Per. Imp. Dih.          LJ-14
    1.30947e+03    4.17394e+03    1.89728e+04    3.30883e+02    4.52773e+03
     Coulomb-14        LJ (SR)   Coulomb (SR)   Coul. recip.      Potential
    5.27477e+04   -7.12871e+03   -1.52185e+05    3.23978e+04   -4.48538e+04
 Pressure (bar)    dVremain/dl
   -2.42080e+01    0.00000e+00

           Step           Time
            126      126.00000

   Energies (kJ/mol)
           Bond          Angle    Proper Dih. Per. Imp. Dih.          LJ-14
    1.40770e+03    4.18178e+03    1.89683e+04    3.30846e+02    4.52732e+03
     Coulomb-14        LJ (SR)   Coulomb (SR)   Coul. recip.      Potential
    5.27465e+04   -7.12715e+03   -1.52276e+05    3.23645e+04   -4.48764e+04
 Pressure (bar)    dVremain/dl
   -2.45932e+01    0.00000e+00

           Step           Time
            127      127.00000

   Energies (kJ/mol)
           Bond          Angle    Proper Dih. Per. Imp. Dih.          LJ-14
    1.44381e+03    4.18612e+03    1.89654e+04    3.31197e+02    4.52652e+03
     Coulomb-14        LJ (SR)   Coulomb (SR)   Coul. recip.      Potential
    5.27483e+04   -7.12189e+03   -1.52376e+05    3.23271e+04   -4.49697e+04
 Pressure (bar)    dVremain/dl
   -2.48021e+01    0.00000e+00

           Step           Time
            128      128.00000

           Step           Time
            129      129.00000

   Energies (kJ/mol)
           Bond          Angle    Proper Dih. Per. Imp. Dih.          LJ-14
    1.20734e+03    4.16184e+03    1.89631e+04    3.31078e+02    4.52613e+03
     Coulomb-14        LJ (SR)   Coulomb (SR)   Coul. recip.      Potential
    5.27472e+04   -7.12193e+03   -1.52417e+05    3.23117e+04   -4.52901e+04
 Pressure (bar)    dVremain/dl
   -2.45635e+01    0.00000e+00

           Step           Time
            130      130.00000

   Energies (kJ/mol)
           Bond          Angle    Proper Dih. Per. Imp. Dih.          LJ-14
    1.60370e+03    4.19692e+03    1.89513e+04    3.31615e+02    4.52425e+03
     Coulomb-14        LJ (SR)   Coulomb (SR)   Coul. recip.      Potential
    5.27485e+04   -7.10726e+03   -1.52750e+05    3.21891e+04   -4.53117e+04
 Pressure (bar)    dVremain/dl
   -2.63299e+01    0.00000e+00

           Step           Time
            131      131.00000

   Energies (kJ/mol)
           Bond          Angle    Proper Dih. Per. Imp. Dih.          LJ-14
    1.26012e+03    4.16418e+03    1.89485e+04    3.31404e+02    4.52362e+03
     Coulomb-14        LJ (SR)   Coulomb (SR)   Coul. recip.      Potential
    5.27471e+04   -7.10840e+03   -1.52791e+05    3.21726e+04   -4.57521e+04
 Pressure (bar)    dVremain/dl
   -2.55319e+01    0.00000e+00

           Step           Time
            132      132.00000

           Step           Time
            133      133.00000

   Energies (kJ/mol)
           Bond          Angle    Proper Dih. Per. Imp. Dih.          LJ-14
    1.28436e+03    4.16576e+03    1.89458e+04    3.31653e+02    4.52311e+03
     Coulomb-14        LJ (SR)   Coulomb (SR)   Coul. recip.      Potential
    5.27479e+04   -7.10365e+03   -1.52885e+05    3.21373e+04   -4.58523e+04
 Pressure (bar)    dVremain/dl
   -2.56372e+01    0.00000e+00

           Step           Time
            134      134.00000

   Energies (kJ/mol)
           Bond          Angle    Proper Dih. Per. Imp. Dih.          LJ-14
    1.33412e+03    4.17007e+03    1.89419e+04    3.31576e+02    4.52252e+03
     Coulomb-14        LJ (SR)   Coulomb (SR)   Coul. recip.      Potential
    5.27468e+04   -7.10204e+03   -1.52967e+05    3.21073e+04   -4.59152e+04
 Pressure (bar)    dVremain/dl
   -2.59679e+01    0.00000e+00

           Step           Time
            135      135.00000

   Energies (kJ/mol)
           Bond          Angle    Proper Dih. Per. Imp. Dih.          LJ-14
    1.38307e+03    4.17475e+03    1.89394e+04    3.31911e+02    4.52206e+03
     Coulomb-14        LJ (SR)   Coulomb (SR)   Coul. recip.      Potential
    5.27480e+04   -7.09638e+03   -1.53065e+05    3.20704e+04   -4.59915e+04
 Pressure (bar)    dVremain/dl
   -2.61748e+01    0.00000e+00

           Step           Time
            136      136.00000

           Step           Time
            137      137.00000

   Energies (kJ/mol)
           Bond          Angle    Proper Dih. Per. Imp. Dih.          LJ-14
    1.20189e+03    4.15684e+03    1.89373e+04    3.31785e+02    4.52161e+03
     Coulomb-14        LJ (SR)   Coulomb (SR)   Coul. recip.      Potential
    5.27472e+04   -7.09634e+03   -1.53102e+05    3.20564e+04   -4.62457e+04
 Pressure (bar)    dVremain/dl
   -2.60107e+01    0.00000e+00

           Step           Time
            138      138.00000

   Energies (kJ/mol)
           Bond          Angle    Proper Dih. Per. Imp. Dih.          LJ-14
    1.50235e+03    4.18365e+03    1.89249e+04    3.32316e+02    4.51971e+03
     Coulomb-14        LJ (SR)   Coulomb (SR)   Coul. recip.      Potential
    5.27477e+04   -7.07854e+03   -1.53478e+05    3.19182e+04   -4.64279e+04
 Pressure (bar)    dVremain/dl
   -2.79388e+01    0.00000e+00

           Step           Time
            139      139.00000

   Energies (kJ/mol)
           Bond          Angle    Proper Dih. Per. Imp. Dih.          LJ-14
    1.23799e+03    4.15870e+03    1.89224e+04    3.32107e+02    4.51899e+03
     Coulomb-14        LJ (SR)   Coulomb (SR)   Coul. recip.      Potential
    5.27466e+04   -7.07963e+03   -1.53517e+05    3.19032e+04   -4.67762e+04
 Pressure (bar)    dVremain/dl
   -2.70407e+01    0.00000e+00

           Step           Time
            140      140.00000

           Step           Time
            141      141.00000

   Energies (kJ/mol)
           Bond          Angle    Proper Dih. Per. Imp. Dih.          LJ-14
    1.26475e+03    4.16068e+03    1.89199e+04    3.32342e+02    4.51864e+03
     Coulomb-14        LJ (SR)   Coulomb (SR)   Coul. recip.      Potential
    5.27471e+04   -7.07461e+03   -1.53608e+05    3.18680e+04   -4.68712e+04
 Pressure (bar)    dVremain/dl
   -2.71012e+01    0.00000e+00

           Step           Time
            142      142.00000

   Energies (kJ/mol)
           Bond          Angle    Proper Dih. Per. Imp. Dih.          LJ-14
    1.27926e+03    4.16213e+03    1.89166e+04    3.32247e+02    4.51800e+03
     Coulomb-14        LJ (SR)   Coulomb (SR)   Coul. recip.      Potential
    5.27462e+04   -7.07309e+03   -1.53682e+05    3.18417e+04   -4.69593e+04
 Pressure (bar)    dVremain/dl
   -2.73647e+01    0.00000e+00

           Step           Time
            143      143.00000

   Energies (kJ/mol)
           Bond          Angle    Proper Dih. Per. Imp. Dih.          LJ-14
    1.33908e+03    4.16759e+03    1.89143e+04    3.32555e+02    4.51775e+03
     Coulomb-14        LJ (SR)   Coulomb (SR)   Coul. recip.      Potential
    5.27469e+04   -7.06709e+03   -1.53779e+05    3.18048e+04   -4.70230e+04
 Pressure (bar)    dVremain/dl
   -2.75873e+01    0.00000e+00

