-I: Adding /Users/dmorse/miniconda3/dat/leap/prep to search path.
-I: Adding /Users/dmorse/miniconda3/dat/leap/lib to search path.
-I: Adding /Users/dmorse/miniconda3/dat/leap/parm to search path.
-I: Adding /Users/dmorse/miniconda3/dat/leap/cmd to search path.
-s: Ignoring all leaprc startup files.
-f: Source tleap.in.

Welcome to LEaP!
Sourcing: ./tleap.in
----- Source: /Users/dmorse/miniconda3/dat/leap/cmd/leaprc.protein.ff14SB
----- Source of /Users/dmorse/miniconda3/dat/leap/cmd/leaprc.protein.ff14SB done
Log file: ./leap.log
Loading parameters: /Users/dmorse/miniconda3/dat/leap/parm/parm10.dat
Reading title:
PARM99 + frcmod.ff99SB + frcmod.parmbsc0 + OL3 for RNA
Loading parameters: /Users/dmorse/miniconda3/dat/leap/parm/frcmod.ff14SB
Reading force field modification type file (frcmod)
Reading title:
ff14SB protein backbone and sidechain parameters
Loading library: /Users/dmorse/miniconda3/dat/leap/lib/amino12.lib
Loading library: /Users/dmorse/miniconda3/dat/leap/lib/aminoct12.lib
Loading library: /Users/dmorse/miniconda3/dat/leap/lib/aminont12.lib
----- Source: /Users/dmorse/miniconda3/dat/leap/cmd/leaprc.gaff
----- Source of /Users/dmorse/miniconda3/dat/leap/cmd/leaprc.gaff done
Log file: ./leap.log
Loading parameters: /Users/dmorse/miniconda3/dat/leap/parm/gaff.dat
Reading title:
AMBER General Force Field for organic molecules (Version 1.81, May 2017)
----- Source: /Users/dmorse/miniconda3/dat/leap/cmd/leaprc.water.tip3p
----- Source of /Users/dmorse/miniconda3/dat/leap/cmd/leaprc.water.tip3p done
Loading library: /Users/dmorse/miniconda3/dat/leap/lib/atomic_ions.lib
Loading library: /Users/dmorse/miniconda3/dat/leap/lib/solvents.lib
Loading parameters: /Users/dmorse/miniconda3/dat/leap/parm/frcmod.tip3p
Reading force field modification type file (frcmod)
Reading title:
This is the additional/replacement parameter set for TIP3P water
Loading parameters: /Users/dmorse/miniconda3/dat/leap/parm/frcmod.ions1lm_126_tip3p
Reading force field modification type file (frcmod)
Reading title:
Li/Merz ion parameters of monovalent ions for TIP3P water model (12-6 normal usage set)
Loading parameters: /Users/dmorse/miniconda3/dat/leap/parm/frcmod.ionsjc_tip3p
Reading force field modification type file (frcmod)
Reading title:
Monovalent ion parameters for Ewald and TIP3P water from Joung & Cheatham JPCB (2008)
Loading parameters: /Users/dmorse/miniconda3/dat/leap/parm/frcmod.ions234lm_126_tip3p
Reading force field modification type file (frcmod)
Reading title:
Li/Merz ion parameters of divalent to tetravalent ions for TIP3P water model (12-6 normal usage set)
Loading Prep file: ./output.prepi
Loading parameters: ./output.frcmod
Reading force field modification type file (frcmod)
Reading title:
Remark line goes here
Loading PDB file: ./complex_clean_h.pdb
-- residue 350: duplicate [ C] atoms (total 9)
-- residue 350: duplicate [ H] atoms (total 12)

/Users/dmorse/miniconda3/bin/teLeap: Warning!
Atom names in each residue should be unique.
     (Same-name atoms are handled by using the first
      occurrence and by ignoring the rest.
      Many instances of duplicate atom names usually come
      from alternate conformations in the PDB file.)

  Added missing heavy atom: .R<TS4 350>.A<C5 20>
  Added missing heavy atom: .R<TS4 350>.A<C4 18>
  Added missing heavy atom: .R<TS4 350>.A<C3 16>
  Added missing heavy atom: .R<TS4 350>.A<C2 14>
  Added missing heavy atom: .R<TS4 350>.A<C1 12>
  Added missing heavy atom: .R<TS4 350>.A<C6 8>
  Added missing heavy atom: .R<TS4 350>.A<C8 5>
  Added missing heavy atom: .R<TS4 350>.A<C7 1>
  total atoms in file: 2747
  Leap added 2727 missing atoms according to residue templates:
       8 Heavy
       2719 H / lone pairs
Checking Unit.

/Users/dmorse/miniconda3/bin/teLeap: Warning!
There is a bond of 0.309 angstroms between C and C1 atoms:
-------  .R<TS4 350>.A<C 11> and .R<TS4 350>.A<C1 12>

/Users/dmorse/miniconda3/bin/teLeap: Warning!
The unperturbed charge of the unit (6.998999) is not zero.

/Users/dmorse/miniconda3/bin/teLeap: Note.
Ignoring the warnings from Unit Checking.

Building topology.
Building atom parameters.
Building bond parameters.
Building angle parameters.
Building proper torsion parameters.
Building improper torsion parameters.
old PREP-specified impropers:
 <TS4 350>:  C6   C1   C    C5  
 <TS4 350>:  C    C2   C1   H   
 <TS4 350>:  C1   C3   C2   H1  
 <TS4 350>:  C2   C4   C3   H2  
 <TS4 350>:  C3   C5   C4   H3  
 <TS4 350>:  C    C4   C5   O   
 total 1080 improper torsions applied
 6 improper torsions in old prep form
Building H-Bond parameters.
Incorporating Non-Bonded adjustments.
Not Marking per-residue atom chain types.
Marking per-residue atom chain types.
  (Residues lacking connect0/connect1 - 
   these don't have chain types marked:

	res	total affected

	CALA	1
	NMET	1
  )
 (no restraints)
	Quit

Exiting LEaP: Errors = 0; Warnings = 3; Notes = 1.
